#
# There is insufficient memory for the Java Runtime Environment to continue.
# Native memory allocation (mmap) failed to map 274726912 bytes for committing reserved memory.
# Possible reasons:
#   The system is out of physical RAM or swap space
#   In 32 bit mode, the process size limit was hit
# Possible solutions:
#   Reduce memory load on the system
#   Increase physical memory or swap space
#   Check if swap backing store is full
#   Use 64 bit Java on a 64 bit OS
#   Decrease Java heap size (-Xmx/-Xms)
#   Decrease number of Java threads
#   Decrease Java thread stack sizes (-Xss)
#   Set larger code cache with -XX:ReservedCodeCacheSize=
# This output file may be truncated or incomplete.
#
#  Out of Memory Error (os_linux.cpp:2640), pid=17803, tid=0x00007f2dff03f700
#
# JRE version: OpenJDK Runtime Environment (8.0_152-b01) (build 1.8.0_152-release-915-b01)
# Java VM: OpenJDK 64-Bit Server VM (25.152-b01 mixed mode linux-amd64 compressed oops)
# Failed to write core dump. Core dumps have been disabled. To enable core dumping, try "ulimit -c unlimited" before starting Java again
#

---------------  T H R E A D  ---------------

Current thread (0x00007f2e14079800):  VMThread [stack: 0x00007f2dfef3f000,0x00007f2dff040000] [id=17813]

Stack: [0x00007f2dfef3f000,0x00007f2dff040000],  sp=0x00007f2dff03e480,  free space=1021k
Native frames: (J=compiled Java code, j=interpreted, Vv=VM code, C=native code)
V  [libjvm.so+0x9eb15d]  VMError::report_and_die()+0x15d
V  [libjvm.so+0x4b8eaa]  report_vm_out_of_memory(char const*, int, unsigned long, VMErrorType, char const*)+0x8a
V  [libjvm.so+0x851370]  os::pd_commit_memory(char*, unsigned long, unsigned long, bool)+0xf0
V  [libjvm.so+0x84be8f]  os::commit_memory(char*, unsigned long, unsigned long, bool)+0x1f
V  [libjvm.so+0x8c261b]  PSVirtualSpace::expand_by(unsigned long)+0x5b
V  [libjvm.so+0x8b33fb]  PSOldGen::expand_by(unsigned long) [clone .part.109]+0x1b
V  [libjvm.so+0x8b35bb]  PSOldGen::expand(unsigned long) [clone .part.111]+0xdb
V  [libjvm.so+0x8b3e98]  PSOldGen::resize(unsigned long)+0x188
V  [libjvm.so+0x8b94ac]  PSParallelCompact::invoke_no_policy(bool)+0x97c
V  [libjvm.so+0x8c05bd]  PSScavenge::invoke()+0x17d
V  [libjvm.so+0x8748f3]  ParallelScavengeHeap::failed_mem_allocate(unsigned long)+0x63
V  [libjvm.so+0x9ecc84]  VM_ParallelGCFailedAllocation::doit()+0x84
V  [libjvm.so+0x9f1197]  VM_Operation::evaluate()+0x47
V  [libjvm.so+0x9efb78]  VMThread::evaluate_operation(VM_Operation*)+0x2c8
V  [libjvm.so+0x9efff9]  VMThread::loop()+0x219
V  [libjvm.so+0x9f0442]  VMThread::run()+0x72
V  [libjvm.so+0x84e792]  java_start(Thread*)+0xf2

VM_Operation (0x00007f2dfda67ee0): ParallelGCFailedAllocation, mode: safepoint, requested by thread 0x00007f2e141b0800


---------------  P R O C E S S  ---------------

Java Threads: ( => current thread )
  0x00007f2e141b4000 JavaThread "pool-2-thread-4" [_thread_blocked, id=17826, stack(0x00007f2dfd767000,0x00007f2dfd868000)]
  0x00007f2e141b2000 JavaThread "pool-2-thread-3" [_thread_blocked, id=17825, stack(0x00007f2dfd868000,0x00007f2dfd969000)]
  0x00007f2e141b0800 JavaThread "pool-2-thread-2" [_thread_blocked, id=17824, stack(0x00007f2dfd969000,0x00007f2dfda6a000)]
  0x00007f2e141ae800 JavaThread "pool-3-thread-1" [_thread_blocked, id=17823, stack(0x00007f2dfda6a000,0x00007f2dfdb6b000)]
  0x00007f2e141ad800 JavaThread "pool-2-thread-1" [_thread_blocked, id=17822, stack(0x00007f2dfdb6b000,0x00007f2dfdc6c000)]
  0x00007f2e140dc800 JavaThread "Service Thread" daemon [_thread_blocked, id=17820, stack(0x00007f2dfde6e000,0x00007f2dfdf6f000)]
  0x00007f2e140bf000 JavaThread "C1 CompilerThread2" daemon [_thread_blocked, id=17819, stack(0x00007f2dfdf6f000,0x00007f2dfe070000)]
  0x00007f2e140bd800 JavaThread "C2 CompilerThread1" daemon [_thread_blocked, id=17818, stack(0x00007f2dfe070000,0x00007f2dfe171000)]
  0x00007f2e140ba800 JavaThread "C2 CompilerThread0" daemon [_thread_blocked, id=17817, stack(0x00007f2dfe171000,0x00007f2dfe272000)]
  0x00007f2e140b9000 JavaThread "Signal Dispatcher" daemon [_thread_blocked, id=17816, stack(0x00007f2dfe272000,0x00007f2dfe373000)]
  0x00007f2e14085800 JavaThread "Finalizer" daemon [_thread_blocked, id=17815, stack(0x00007f2dfed3d000,0x00007f2dfee3e000)]
  0x00007f2e14081000 JavaThread "Reference Handler" daemon [_thread_blocked, id=17814, stack(0x00007f2dfee3e000,0x00007f2dfef3f000)]
  0x00007f2e1400b800 JavaThread "main" [_thread_blocked, id=17808, stack(0x00007f2e1c5c3000,0x00007f2e1c6c4000)]

Other Threads:
=>0x00007f2e14079800 VMThread [stack: 0x00007f2dfef3f000,0x00007f2dff040000] [id=17813]
  0x00007f2e140de800 WatcherThread [stack: 0x00007f2dfdd6d000,0x00007f2dfde6e000] [id=17821]

VM state:at safepoint (normal execution)

VM Mutex/Monitor currently owned by a thread:  ([mutex/lock_event])
[0x00007f2e14007b60] ExpandHeap_lock - owner thread: 0x00007f2e14079800
[0x00007f2e140081e0] Threads_lock - owner thread: 0x00007f2e14079800
[0x00007f2e140086e0] Heap_lock - owner thread: 0x00007f2e141b0800

Heap:
 PSYoungGen      total 988672K, used 0K [0x000000076ab00000, 0x00000007c0000000, 0x00000007c0000000)
  eden space 712704K, 0% used [0x000000076ab00000,0x000000076ab00000,0x0000000796300000)
  from space 275968K, 0% used [0x0000000796300000,0x0000000796300000,0x00000007a7080000)
  to   space 289280K, 0% used [0x00000007ae580000,0x00000007ae580000,0x00000007c0000000)
 ParOldGen       total 858112K, used 755434K [0x00000006c0000000, 0x00000006f4600000, 0x000000076ab00000)
  object space 858112K, 88% used [0x00000006c0000000,0x00000006ee1babf0,0x00000006f4600000)
 Metaspace       used 6709K, capacity 7384K, committed 7680K, reserved 1056768K
  class space    used 614K, capacity 656K, committed 768K, reserved 1048576K

Card table byte_map: [0x00007f2e18be3000,0x00007f2e193e4000] byte_map_base: 0x00007f2e155e3000

Marking Bits: (ParMarkBitMap*) 0x00007f2e1ba753e0
 Begin Bits: [0x00007f2de8000000, 0x00007f2dec000000)
 End Bits:   [0x00007f2dec000000, 0x00007f2df0000000)

Polling page: 0x00007f2e1c6e1000

CodeCache: size=245760Kb used=12200Kb max_used=15541Kb free=233559Kb
 bounds [0x00007f2e05000000, 0x00007f2e05f50000, 0x00007f2e14000000]
 total_blobs=2797 nmethods=2528 adapters=183
 compilation: enabled

Compilation events (10 events):
Event: 32,767 Thread 0x00007f2e140bd800 nmethod 3502 0x00007f2e055f5050 code [0x00007f2e055f51a0, 0x00007f2e055f5258]
Event: 32,769 Thread 0x00007f2e140ba800 nmethod 3499 0x00007f2e05327c50 code [0x00007f2e05327ea0, 0x00007f2e05328af8]
Event: 32,769 Thread 0x00007f2e140bf000 3503   !   3       java.util.concurrent.locks.AbstractQueuedSynchronizer::fullyRelease (54 bytes)
Event: 32,770 Thread 0x00007f2e140bf000 nmethod 3503 0x00007f2e052e5850 code [0x00007f2e052e5a00, 0x00007f2e052e5fe8]
Event: 32,771 Thread 0x00007f2e140bf000 3504       3       java.util.concurrent.locks.AbstractQueuedSynchronizer$ConditionObject::await (98 bytes)
Event: 32,772 Thread 0x00007f2e140bf000 nmethod 3504 0x00007f2e05a4d4d0 code [0x00007f2e05a4d780, 0x00007f2e05a4e968]
Event: 32,772 Thread 0x00007f2e140bf000 3505       3       java.util.concurrent.locks.AbstractQueuedSynchronizer$ConditionObject::doSignal (43 bytes)
Event: 32,773 Thread 0x00007f2e140bf000 nmethod 3505 0x00007f2e05305c10 code [0x00007f2e05305da0, 0x00007f2e05306128]
Event: 32,774 Thread 0x00007f2e140bf000 3506       3       java.util.concurrent.locks.AbstractQueuedSynchronizer::transferForSignal (45 bytes)
Event: 32,775 Thread 0x00007f2e140bf000 nmethod 3506 0x00007f2e052e4fd0 code [0x00007f2e052e5180, 0x00007f2e052e5658]

GC Heap History (10 events):
Event: 20,064 GC heap after
Heap after GC invocations=17 (full 3):
 PSYoungGen      total 783872K, used 168438K [0x000000076ab00000, 0x00000007b4980000, 0x00000007c0000000)
  eden space 615424K, 0% used [0x000000076ab00000,0x000000076ab00000,0x0000000790400000)
  from space 168448K, 99% used [0x000000079fa00000,0x00000007a9e7d850,0x00000007a9e80000)
  to   space 251904K, 0% used [0x0000000790400000,0x0000000790400000,0x000000079fa00000)
 ParOldGen       total 544256K, used 543756K [0x00000006c0000000, 0x00000006e1380000, 0x000000076ab00000)
  object space 544256K, 99% used [0x00000006c0000000,0x00000006e1303350,0x00000006e1380000)
 Metaspace       used 6707K, capacity 7384K, committed 7680K, reserved 1056768K
  class space    used 614K, capacity 656K, committed 768K, reserved 1048576K
}
Event: 20,064 GC heap before
{Heap before GC invocations=18 (full 4):
 PSYoungGen      total 783872K, used 168438K [0x000000076ab00000, 0x00000007b4980000, 0x00000007c0000000)
  eden space 615424K, 0% used [0x000000076ab00000,0x000000076ab00000,0x0000000790400000)
  from space 168448K, 99% used [0x000000079fa00000,0x00000007a9e7d850,0x00000007a9e80000)
  to   space 251904K, 0% used [0x0000000790400000,0x0000000790400000,0x000000079fa00000)
 ParOldGen       total 544256K, used 543756K [0x00000006c0000000, 0x00000006e1380000, 0x000000076ab00000)
  object space 544256K, 99% used [0x00000006c0000000,0x00000006e1303350,0x00000006e1380000)
 Metaspace       used 6707K, capacity 7384K, committed 7680K, reserved 1056768K
  class space    used 614K, capacity 656K, committed 768K, reserved 1048576K
Event: 22,575 GC heap after
Heap after GC invocations=18 (full 4):
 PSYoungGen      total 783872K, used 157594K [0x000000076ab00000, 0x00000007b4980000, 0x00000007c0000000)
  eden space 615424K, 0% used [0x000000076ab00000,0x000000076ab00000,0x0000000790400000)
  from space 168448K, 93% used [0x000000079fa00000,0x00000007a93e6860,0x00000007a9e80000)
  to   space 251904K, 0% used [0x0000000790400000,0x0000000790400000,0x000000079fa00000)
 ParOldGen       total 858112K, used 543840K [0x00000006c0000000, 0x00000006f4600000, 0x000000076ab00000)
  object space 858112K, 63% used [0x00000006c0000000,0x00000006e13180c0,0x00000006f4600000)
 Metaspace       used 6707K, capacity 7384K, committed 7680K, reserved 1056768K
  class space    used 614K, capacity 656K, committed 768K, reserved 1048576K
}
Event: 24,298 GC heap before
{Heap before GC invocations=19 (full 4):
 PSYoungGen      total 783872K, used 773018K [0x000000076ab00000, 0x00000007b4980000, 0x00000007c0000000)
  eden space 615424K, 100% used [0x000000076ab00000,0x0000000790400000,0x0000000790400000)
  from space 168448K, 93% used [0x000000079fa00000,0x00000007a93e6860,0x00000007a9e80000)
  to   space 251904K, 0% used [0x0000000790400000,0x0000000790400000,0x000000079fa00000)
 ParOldGen       total 858112K, used 543840K [0x00000006c0000000, 0x00000006f4600000, 0x000000076ab00000)
  object space 858112K, 63% used [0x00000006c0000000,0x00000006e13180c0,0x00000006f4600000)
 Metaspace       used 6707K, capacity 7384K, committed 7680K, reserved 1056768K
  class space    used 614K, capacity 656K, committed 768K, reserved 1048576K
Event: 24,717 GC heap after
Heap after GC invocations=19 (full 4):
 PSYoungGen      total 867328K, used 206187K [0x000000076ab00000, 0x00000007b8200000, 0x00000007c0000000)
  eden space 615424K, 0% used [0x000000076ab00000,0x000000076ab00000,0x0000000790400000)
  from space 251904K, 81% used [0x0000000790400000,0x000000079cd5acb8,0x000000079fa00000)
  to   space 280064K, 0% used [0x00000007a7080000,0x00000007a7080000,0x00000007b8200000)
 ParOldGen       total 858112K, used 676293K [0x00000006c0000000, 0x00000006f4600000, 0x000000076ab00000)
  object space 858112K, 78% used [0x00000006c0000000,0x00000006e9471770,0x00000006f4600000)
 Metaspace       used 6707K, capacity 7384K, committed 7680K, reserved 1056768K
  class space    used 614K, capacity 656K, committed 768K, reserved 1048576K
}
Event: 26,425 GC heap before
{Heap before GC invocations=20 (full 4):
 PSYoungGen      total 867328K, used 821611K [0x000000076ab00000, 0x00000007b8200000, 0x00000007c0000000)
  eden space 615424K, 100% used [0x000000076ab00000,0x0000000790400000,0x0000000790400000)
  from space 251904K, 81% used [0x0000000790400000,0x000000079cd5acb8,0x000000079fa00000)
  to   space 280064K, 0% used [0x00000007a7080000,0x00000007a7080000,0x00000007b8200000)
 ParOldGen       total 858112K, used 676293K [0x00000006c0000000, 0x00000006f4600000, 0x000000076ab00000)
  object space 858112K, 78% used [0x00000006c0000000,0x00000006e9471770,0x00000006f4600000)
 Metaspace       used 6707K, capacity 7384K, committed 7680K, reserved 1056768K
  class space    used 614K, capacity 656K, committed 768K, reserved 1048576K
Event: 30,957 GC heap after
Heap after GC invocations=20 (full 4):
 PSYoungGen      total 992768K, used 136739K [0x000000076ab00000, 0x00000007bce80000, 0x00000007c0000000)
  eden space 712704K, 0% used [0x000000076ab00000,0x000000076ab00000,0x0000000796300000)
  from space 280064K, 48% used [0x00000007a7080000,0x00000007af608ff0,0x00000007b8200000)
  to   space 275968K, 0% used [0x0000000796300000,0x0000000796300000,0x00000007a7080000)
 ParOldGen       total 858112K, used 676293K [0x00000006c0000000, 0x00000006f4600000, 0x000000076ab00000)
  object space 858112K, 78% used [0x00000006c0000000,0x00000006e9471770,0x00000006f4600000)
 Metaspace       used 6707K, capacity 7384K, committed 7680K, reserved 1056768K
  class space    used 614K, capacity 656K, committed 768K, reserved 1048576K
}
Event: 32,776 GC heap before
{Heap before GC invocations=21 (full 4):
 PSYoungGen      total 992768K, used 849443K [0x000000076ab00000, 0x00000007bce80000, 0x00000007c0000000)
  eden space 712704K, 100% used [0x000000076ab00000,0x0000000796300000,0x0000000796300000)
  from space 280064K, 48% used [0x00000007a7080000,0x00000007af608ff0,0x00000007b8200000)
  to   space 275968K, 0% used [0x0000000796300000,0x0000000796300000,0x00000007a7080000)
 ParOldGen       total 858112K, used 676293K [0x00000006c0000000, 0x00000006f4600000, 0x000000076ab00000)
  object space 858112K, 78% used [0x00000006c0000000,0x00000006e9471770,0x00000006f4600000)
 Metaspace       used 6709K, capacity 7384K, committed 7680K, reserved 1056768K
  class space    used 614K, capacity 656K, committed 768K, reserved 1048576K
Event: 33,836 GC heap after
Heap after GC invocations=21 (full 4):
 PSYoungGen      total 988672K, used 185069K [0x000000076ab00000, 0x00000007c0000000, 0x00000007c0000000)
  eden space 712704K, 0% used [0x000000076ab00000,0x000000076ab00000,0x0000000796300000)
  from space 275968K, 67% used [0x0000000796300000,0x00000007a17bb730,0x00000007a7080000)
  to   space 289280K, 0% used [0x00000007ae580000,0x00000007ae580000,0x00000007c0000000)
 ParOldGen       total 858112K, used 736843K [0x00000006c0000000, 0x00000006f4600000, 0x000000076ab00000)
  object space 858112K, 85% used [0x00000006c0000000,0x00000006ecf92e88,0x00000006f4600000)
 Metaspace       used 6709K, capacity 7384K, committed 7680K, reserved 1056768K
  class space    used 614K, capacity 656K, committed 768K, reserved 1048576K
}
Event: 33,840 GC heap before
{Heap before GC invocations=22 (full 5):
 PSYoungGen      total 988672K, used 185069K [0x000000076ab00000, 0x00000007c0000000, 0x00000007c0000000)
  eden space 712704K, 0% used [0x000000076ab00000,0x000000076ab00000,0x0000000796300000)
  from space 275968K, 67% used [0x0000000796300000,0x00000007a17bb730,0x00000007a7080000)
  to   space 289280K, 0% used [0x00000007ae580000,0x00000007ae580000,0x00000007c0000000)
 ParOldGen       total 858112K, used 736843K [0x00000006c0000000, 0x00000006f4600000, 0x000000076ab00000)
  object space 858112K, 85% used [0x00000006c0000000,0x00000006ecf92e88,0x00000006f4600000)
 Metaspace       used 6709K, capacity 7384K, committed 7680K, reserved 1056768K
  class space    used 614K, capacity 656K, committed 768K, reserved 1048576K

Deoptimization events (10 events):
Event: 25,248 Thread 0x00007f2e141b4000 Uncommon trap: reason=unstable_if action=reinterpret pc=0x00007f2e05e51b94 method=com.android.dx.ssa.MoveParamCombiner$1.visitNonMoveInsn(Lcom/android/dx/ssa/NormalSsaInsn;)V @ 27
Event: 25,866 Thread 0x00007f2e141b4000 Uncommon trap: reason=unstable_if action=reinterpret pc=0x00007f2e05efc4d0 method=com.android.dx.ssa.LiteralOpUpgrader$1.visitNonMoveInsn(Lcom/android/dx/ssa/NormalSsaInsn;)V @ 55
Event: 26,105 Thread 0x00007f2e141b0800 Uncommon trap: reason=class_check action=maybe_recompile pc=0x00007f2e052b1ed0 method=com.android.dx.rop.cst.CstLiteral64.equals(Ljava/lang/Object;)Z @ 20
Event: 26,105 Thread 0x00007f2e141b0800 Uncommon trap: reason=class_check action=maybe_recompile pc=0x00007f2e052b1ed0 method=com.android.dx.rop.cst.CstLiteral64.equals(Ljava/lang/Object;)Z @ 20
Event: 26,106 Thread 0x00007f2e141b0800 Uncommon trap: reason=class_check action=maybe_recompile pc=0x00007f2e052b1ed0 method=com.android.dx.rop.cst.CstLiteral64.equals(Ljava/lang/Object;)Z @ 20
Event: 26,106 Thread 0x00007f2e141b0800 Uncommon trap: reason=class_check action=maybe_recompile pc=0x00007f2e052b1ed0 method=com.android.dx.rop.cst.CstLiteral64.equals(Ljava/lang/Object;)Z @ 20
Event: 31,163 Thread 0x00007f2e1400b800 Uncommon trap: reason=unstable_if action=reinterpret pc=0x00007f2e0537a1a0 method=com.android.dx.rop.code.Insn.contentEquals(Lcom/android/dx/rop/code/Insn;)Z @ 47
Event: 31,199 Thread 0x00007f2e141ad800 Uncommon trap: reason=unstable_if action=reinterpret pc=0x00007f2e0514eb94 method=com.android.dx.ssa.LiteralOpUpgrader$1.visitNonMoveInsn(Lcom/android/dx/ssa/NormalSsaInsn;)V @ 91
Event: 31,619 Thread 0x00007f2e1400b800 Uncommon trap: reason=bimorphic action=maybe_recompile pc=0x00007f2e05f3fc94 method=com.android.dx.cf.code.BytecodeArray.parseInstruction(ILcom/android/dx/cf/code/BytecodeArray$Visitor;)I @ 2554
Event: 31,619 Thread 0x00007f2e1400b800 Uncommon trap: reason=bimorphic action=maybe_recompile pc=0x00007f2e05f3fc94 method=com.android.dx.cf.code.BytecodeArray.parseInstruction(ILcom/android/dx/cf/code/BytecodeArray$Visitor;)I @ 2554

Classes redefined (0 events):
No events

Internal exceptions (9 events):
Event: 0,100 Thread 0x00007f2e1400b800 Exception <a 'java/lang/NoSuchMethodError': Method sun.misc.Unsafe.defineClass(Ljava/lang/String;[BII)Ljava/lang/Class; name or signature does not match> (0x000000076ab07ca8) thrown at [/ssd/Android/AOSP-openjdk-git/jdk8u/hotspot/src/share/vm/prims/jni.cp
Event: 0,100 Thread 0x00007f2e1400b800 Exception <a 'java/lang/NoSuchMethodError': Method sun.misc.Unsafe.prefetchRead(Ljava/lang/Object;J)V name or signature does not match> (0x000000076ab07f90) thrown at [/ssd/Android/AOSP-openjdk-git/jdk8u/hotspot/src/share/vm/prims/jni.cpp, line 4011]
Event: 1,247 Thread 0x00007f2e141b2000 Implicit null exception at 0x00007f2e0531ba37 to 0x00007f2e0531dfc5
Event: 1,539 Thread 0x00007f2e141ad800 Implicit null exception at 0x00007f2e0532ed29 to 0x00007f2e05331445
Event: 2,296 Thread 0x00007f2e141ad800 Exception <a 'java/lang/ArrayIndexOutOfBoundsException': 18> (0x00000007722508c0) thrown at [/ssd/Android/AOSP-openjdk-git/jdk8u/hotspot/src/share/vm/interpreter/interpreterRuntime.cpp, line 366]
Event: 2,296 Thread 0x00007f2e141ad800 Exception <a 'java/lang/ArrayIndexOutOfBoundsException': 145> (0x0000000772252440) thrown at [/ssd/Android/AOSP-openjdk-git/jdk8u/hotspot/src/share/vm/interpreter/interpreterRuntime.cpp, line 366]
Event: 2,297 Thread 0x00007f2e141ad800 Exception <a 'java/lang/ArrayIndexOutOfBoundsException': 40> (0x0000000772253728) thrown at [/ssd/Android/AOSP-openjdk-git/jdk8u/hotspot/src/share/vm/interpreter/interpreterRuntime.cpp, line 366]
Event: 13,936 Thread 0x00007f2e141b0800 Implicit null exception at 0x00007f2e05b05ceb to 0x00007f2e05b07dc9
Event: 23,055 Thread 0x00007f2e1400b800 Implicit null exception at 0x00007f2e05e4335f to 0x00007f2e05e479f1

Events (10 events):
Event: 31,199 Thread 0x00007f2e141ad800 DEOPT UNPACKING pc=0x00007f2e05004f69 sp=0x00007f2dfdc6a150 mode 2
Event: 31,619 Thread 0x00007f2e1400b800 Uncommon trap: trap_request=0xffffffc6 fr.pc=0x00007f2e05f3fc94
Event: 31,619 Thread 0x00007f2e1400b800 DEOPT PACKING pc=0x00007f2e05f3fc94 sp=0x00007f2e1c6c1800
Event: 31,619 Thread 0x00007f2e1400b800 DEOPT UNPACKING pc=0x00007f2e05004f69 sp=0x00007f2e1c6c17c0 mode 2
Event: 31,619 Thread 0x00007f2e1400b800 Uncommon trap: trap_request=0xffffffc6 fr.pc=0x00007f2e05f3fc94
Event: 31,619 Thread 0x00007f2e1400b800 DEOPT PACKING pc=0x00007f2e05f3fc94 sp=0x00007f2e1c6c1670
Event: 31,619 Thread 0x00007f2e1400b800 DEOPT UNPACKING pc=0x00007f2e05004f69 sp=0x00007f2e1c6c1630 mode 2
Event: 32,044 Thread 0x00007f2e141b4000 DEOPT PACKING pc=0x00007f2e057de0f9 sp=0x00007f2dfd866100
Event: 32,044 Thread 0x00007f2e141b4000 DEOPT UNPACKING pc=0x00007f2e05047373 sp=0x00007f2dfd865e78 mode 0
Event: 32,775 Executing VM operation: ParallelGCFailedAllocation


Dynamic libraries:
00400000-00401000 r-xp 00000000 08:01 35652673                           /home/fred/desenvolvimento/ide/android-studio/jre/bin/java
00600000-00601000 r--p 00000000 08:01 35652673                           /home/fred/desenvolvimento/ide/android-studio/jre/bin/java
00601000-00602000 rw-p 00001000 08:01 35652673                           /home/fred/desenvolvimento/ide/android-studio/jre/bin/java
00c03000-00c24000 rw-p 00000000 00:00 0                                  [heap]
6c0000000-6f4600000 rw-p 00000000 00:00 0 
704c00000-76ab00000 ---p 00000000 00:00 0 
76ab00000-7c0000000 rw-p 00000000 00:00 0 
7c0000000-7c00c0000 rw-p 00000000 00:00 0 
7c00c0000-800000000 ---p 00000000 00:00 0 
7f2db0000000-7f2db0023000 rw-p 00000000 00:00 0 
7f2db0023000-7f2db4000000 ---p 00000000 00:00 0 
7f2db4000000-7f2db4033000 rw-p 00000000 00:00 0 
7f2db4033000-7f2db8000000 ---p 00000000 00:00 0 
7f2db8000000-7f2db836c000 rw-p 00000000 00:00 0 
7f2db836c000-7f2dbc000000 ---p 00000000 00:00 0 
7f2dbc000000-7f2dbc045000 rw-p 00000000 00:00 0 
7f2dbc045000-7f2dc0000000 ---p 00000000 00:00 0 
7f2dc0000000-7f2dc0021000 rw-p 00000000 00:00 0 
7f2dc0021000-7f2dc4000000 ---p 00000000 00:00 0 
7f2dc4000000-7f2dc405d000 rw-p 00000000 00:00 0 
7f2dc405d000-7f2dc8000000 ---p 00000000 00:00 0 
7f2dc8000000-7f2dc8974000 rw-p 00000000 00:00 0 
7f2dc8974000-7f2dcc000000 ---p 00000000 00:00 0 
7f2dcc000000-7f2dcc021000 rw-p 00000000 00:00 0 
7f2dcc021000-7f2dd0000000 ---p 00000000 00:00 0 
7f2dd0000000-7f2dd1897000 rw-p 00000000 00:00 0 
7f2dd1897000-7f2dd4000000 ---p 00000000 00:00 0 
7f2dd4000000-7f2dd57b4000 rw-p 00000000 00:00 0 
7f2dd57b4000-7f2dd8000000 ---p 00000000 00:00 0 
7f2dd8000000-7f2dd8021000 rw-p 00000000 00:00 0 
7f2dd8021000-7f2ddc000000 ---p 00000000 00:00 0 
7f2ddc000000-7f2ddc021000 rw-p 00000000 00:00 0 
7f2ddc021000-7f2de0000000 ---p 00000000 00:00 0 
7f2de0000000-7f2de0281000 rw-p 00000000 00:00 0 
7f2de0281000-7f2de4000000 ---p 00000000 00:00 0 
7f2de4000000-7f2de4021000 rw-p 00000000 00:00 0 
7f2de4021000-7f2de8000000 ---p 00000000 00:00 0 
7f2de8000000-7f2df0000000 rw-p 00000000 00:00 0 
7f2df0000000-7f2df0021000 rw-p 00000000 00:00 0 
7f2df0021000-7f2df4000000 ---p 00000000 00:00 0 
7f2df4000000-7f2df4021000 rw-p 00000000 00:00 0 
7f2df4021000-7f2df8000000 ---p 00000000 00:00 0 
7f2df8000000-7f2df8021000 rw-p 00000000 00:00 0 
7f2df8021000-7f2dfc000000 ---p 00000000 00:00 0 
7f2dfd767000-7f2dfd76a000 ---p 00000000 00:00 0 
7f2dfd76a000-7f2dfd868000 rw-p 00000000 00:00 0 
7f2dfd868000-7f2dfd86b000 ---p 00000000 00:00 0 
7f2dfd86b000-7f2dfd969000 rw-p 00000000 00:00 0 
7f2dfd969000-7f2dfd96c000 ---p 00000000 00:00 0 
7f2dfd96c000-7f2dfda6a000 rw-p 00000000 00:00 0 
7f2dfda6a000-7f2dfda6d000 ---p 00000000 00:00 0 
7f2dfda6d000-7f2dfdb6b000 rw-p 00000000 00:00 0 
7f2dfdb6b000-7f2dfdb6e000 ---p 00000000 00:00 0 
7f2dfdb6e000-7f2dfdc6c000 rw-p 00000000 00:00 0 
7f2dfdc6c000-7f2dfdd6d000 r--s 00af8000 08:01 40371565                   /home/fred/desenvolvimento/projetos/sindquimica_app/app/build/intermediates/transforms/jarMerging/debug/jars/1/1f/combined.jar
7f2dfdd6d000-7f2dfdd6e000 ---p 00000000 00:00 0 
7f2dfdd6e000-7f2dfde6e000 rw-p 00000000 00:00 0 
7f2dfde6e000-7f2dfde71000 ---p 00000000 00:00 0 
7f2dfde71000-7f2dfdf6f000 rw-p 00000000 00:00 0 
7f2dfdf6f000-7f2dfdf72000 ---p 00000000 00:00 0 
7f2dfdf72000-7f2dfe070000 rw-p 00000000 00:00 0 
7f2dfe070000-7f2dfe073000 ---p 00000000 00:00 0 
7f2dfe073000-7f2dfe171000 rw-p 00000000 00:00 0 
7f2dfe171000-7f2dfe174000 ---p 00000000 00:00 0 
7f2dfe174000-7f2dfe272000 rw-p 00000000 00:00 0 
7f2dfe272000-7f2dfe275000 ---p 00000000 00:00 0 
7f2dfe275000-7f2dfe373000 rw-p 00000000 00:00 0 
7f2dfe373000-7f2dfed3d000 r--p 00000000 08:01 54532734                   /usr/lib/locale/locale-archive
7f2dfed3d000-7f2dfed40000 ---p 00000000 00:00 0 
7f2dfed40000-7f2dfee3e000 rw-p 00000000 00:00 0 
7f2dfee3e000-7f2dfee41000 ---p 00000000 00:00 0 
7f2dfee41000-7f2dfef3f000 rw-p 00000000 00:00 0 
7f2dfef3f000-7f2dfef40000 ---p 00000000 00:00 0 
7f2dfef40000-7f2e00000000 rw-p 00000000 00:00 0 
7f2e00000000-7f2e00021000 rw-p 00000000 00:00 0 
7f2e00021000-7f2e04000000 ---p 00000000 00:00 0 
7f2e04000000-7f2e046c0000 rw-p 00000000 00:00 0 
7f2e046c0000-7f2e04800000 ---p 00000000 00:00 0 
7f2e04800000-7f2e05000000 rw-p 00000000 00:00 0 
7f2e05000000-7f2e05f50000 rwxp 00000000 00:00 0 
7f2e05f50000-7f2e14000000 ---p 00000000 00:00 0 
7f2e14000000-7f2e143b1000 rw-p 00000000 00:00 0 
7f2e143b1000-7f2e18000000 ---p 00000000 00:00 0 
7f2e18001000-7f2e18043000 rw-p 00000000 00:00 0 
7f2e18043000-7f2e18213000 r--s 03c46000 08:01 35652551                   /home/fred/desenvolvimento/ide/android-studio/jre/jre/lib/rt.jar
7f2e18213000-7f2e18289000 rw-p 00000000 00:00 0 
7f2e18289000-7f2e1828a000 ---p 00000000 00:00 0 
7f2e1828a000-7f2e1838a000 rw-p 00000000 00:00 0 
7f2e1838a000-7f2e1838b000 ---p 00000000 00:00 0 
7f2e1838b000-7f2e1848b000 rw-p 00000000 00:00 0 
7f2e1848b000-7f2e1848c000 ---p 00000000 00:00 0 
7f2e1848c000-7f2e1858c000 rw-p 00000000 00:00 0 
7f2e1858c000-7f2e1858d000 ---p 00000000 00:00 0 
7f2e1858d000-7f2e18830000 rw-p 00000000 00:00 0 
7f2e18830000-7f2e18be3000 ---p 00000000 00:00 0 
7f2e18be3000-7f2e18d86000 rw-p 00000000 00:00 0 
7f2e18d86000-7f2e19138000 ---p 00000000 00:00 0 
7f2e19138000-7f2e193e3000 rw-p 00000000 00:00 0 
7f2e193e3000-7f2e19422000 rw-p 00000000 00:00 0 
7f2e19422000-7f2e197a4000 ---p 00000000 00:00 0 
7f2e197a4000-7f2e197be000 r-xp 00000000 08:01 35652613                   /home/fred/desenvolvimento/ide/android-studio/jre/jre/lib/amd64/libzip.so
7f2e197be000-7f2e199be000 ---p 0001a000 08:01 35652613                   /home/fred/desenvolvimento/ide/android-studio/jre/jre/lib/amd64/libzip.so
7f2e199be000-7f2e199bf000 r--p 0001a000 08:01 35652613                   /home/fred/desenvolvimento/ide/android-studio/jre/jre/lib/amd64/libzip.so
7f2e199bf000-7f2e199c0000 rw-p 0001b000 08:01 35652613                   /home/fred/desenvolvimento/ide/android-studio/jre/jre/lib/amd64/libzip.so
7f2e199c0000-7f2e199cb000 r-xp 00000000 08:01 45617659                   /lib/x86_64-linux-gnu/libnss_files-2.26.so
7f2e199cb000-7f2e19bca000 ---p 0000b000 08:01 45617659                   /lib/x86_64-linux-gnu/libnss_files-2.26.so
7f2e19bca000-7f2e19bcb000 r--p 0000a000 08:01 45617659                   /lib/x86_64-linux-gnu/libnss_files-2.26.so
7f2e19bcb000-7f2e19bcc000 rw-p 0000b000 08:01 45617659                   /lib/x86_64-linux-gnu/libnss_files-2.26.so
7f2e19bcc000-7f2e19bd2000 rw-p 00000000 00:00 0 
7f2e19bd2000-7f2e19bdd000 r-xp 00000000 08:01 45617670                   /lib/x86_64-linux-gnu/libnss_nis-2.26.so
7f2e19bdd000-7f2e19ddc000 ---p 0000b000 08:01 45617670                   /lib/x86_64-linux-gnu/libnss_nis-2.26.so
7f2e19ddc000-7f2e19ddd000 r--p 0000a000 08:01 45617670                   /lib/x86_64-linux-gnu/libnss_nis-2.26.so
7f2e19ddd000-7f2e19dde000 rw-p 0000b000 08:01 45617670                   /lib/x86_64-linux-gnu/libnss_nis-2.26.so
7f2e19dde000-7f2e19df5000 r-xp 00000000 08:01 45617653                   /lib/x86_64-linux-gnu/libnsl-2.26.so
7f2e19df5000-7f2e19ff4000 ---p 00017000 08:01 45617653                   /lib/x86_64-linux-gnu/libnsl-2.26.so
7f2e19ff4000-7f2e19ff5000 r--p 00016000 08:01 45617653                   /lib/x86_64-linux-gnu/libnsl-2.26.so
7f2e19ff5000-7f2e19ff6000 rw-p 00017000 08:01 45617653                   /lib/x86_64-linux-gnu/libnsl-2.26.so
7f2e19ff6000-7f2e19ff8000 rw-p 00000000 00:00 0 
7f2e19ff8000-7f2e1a000000 r-xp 00000000 08:01 45617655                   /lib/x86_64-linux-gnu/libnss_compat-2.26.so
7f2e1a000000-7f2e1a1ff000 ---p 00008000 08:01 45617655                   /lib/x86_64-linux-gnu/libnss_compat-2.26.so
7f2e1a1ff000-7f2e1a200000 r--p 00007000 08:01 45617655                   /lib/x86_64-linux-gnu/libnss_compat-2.26.so
7f2e1a200000-7f2e1a201000 rw-p 00008000 08:01 45617655                   /lib/x86_64-linux-gnu/libnss_compat-2.26.so
7f2e1a201000-7f2e1a22e000 r-xp 00000000 08:01 35652593                   /home/fred/desenvolvimento/ide/android-studio/jre/jre/lib/amd64/libjava.so
7f2e1a22e000-7f2e1a42d000 ---p 0002d000 08:01 35652593                   /home/fred/desenvolvimento/ide/android-studio/jre/jre/lib/amd64/libjava.so
7f2e1a42d000-7f2e1a42e000 r--p 0002c000 08:01 35652593                   /home/fred/desenvolvimento/ide/android-studio/jre/jre/lib/amd64/libjava.so
7f2e1a42e000-7f2e1a430000 rw-p 0002d000 08:01 35652593                   /home/fred/desenvolvimento/ide/android-studio/jre/jre/lib/amd64/libjava.so
7f2e1a430000-7f2e1a440000 r-xp 00000000 08:01 35652625                   /home/fred/desenvolvimento/ide/android-studio/jre/jre/lib/amd64/libverify.so
7f2e1a440000-7f2e1a63f000 ---p 00010000 08:01 35652625                   /home/fred/desenvolvimento/ide/android-studio/jre/jre/lib/amd64/libverify.so
7f2e1a63f000-7f2e1a641000 r--p 0000f000 08:01 35652625                   /home/fred/desenvolvimento/ide/android-studio/jre/jre/lib/amd64/libverify.so
7f2e1a641000-7f2e1a642000 rw-p 00011000 08:01 35652625                   /home/fred/desenvolvimento/ide/android-studio/jre/jre/lib/amd64/libverify.so
7f2e1a642000-7f2e1a649000 r-xp 00000000 08:01 45617713                   /lib/x86_64-linux-gnu/librt-2.26.so
7f2e1a649000-7f2e1a848000 ---p 00007000 08:01 45617713                   /lib/x86_64-linux-gnu/librt-2.26.so
7f2e1a848000-7f2e1a849000 r--p 00006000 08:01 45617713                   /lib/x86_64-linux-gnu/librt-2.26.so
7f2e1a849000-7f2e1a84a000 rw-p 00007000 08:01 45617713                   /lib/x86_64-linux-gnu/librt-2.26.so
7f2e1a84a000-7f2e1a99f000 r-xp 00000000 08:01 45617632                   /lib/x86_64-linux-gnu/libm-2.26.so
7f2e1a99f000-7f2e1ab9e000 ---p 00155000 08:01 45617632                   /lib/x86_64-linux-gnu/libm-2.26.so
7f2e1ab9e000-7f2e1ab9f000 r--p 00154000 08:01 45617632                   /lib/x86_64-linux-gnu/libm-2.26.so
7f2e1ab9f000-7f2e1aba0000 rw-p 00155000 08:01 45617632                   /lib/x86_64-linux-gnu/libm-2.26.so
7f2e1aba0000-7f2e1b798000 r-xp 00000000 08:01 35652612                   /home/fred/desenvolvimento/ide/android-studio/jre/jre/lib/amd64/server/libjvm.so
7f2e1b798000-7f2e1b998000 ---p 00bf8000 08:01 35652612                   /home/fred/desenvolvimento/ide/android-studio/jre/jre/lib/amd64/server/libjvm.so
7f2e1b998000-7f2e1ba37000 r--p 00bf8000 08:01 35652612                   /home/fred/desenvolvimento/ide/android-studio/jre/jre/lib/amd64/server/libjvm.so
7f2e1ba37000-7f2e1ba60000 rw-p 00c97000 08:01 35652612                   /home/fred/desenvolvimento/ide/android-studio/jre/jre/lib/amd64/server/libjvm.so
7f2e1ba60000-7f2e1baa4000 rw-p 00000000 00:00 0 
7f2e1baa4000-7f2e1babe000 r-xp 00000000 08:01 45617705                   /lib/x86_64-linux-gnu/libpthread-2.26.so
7f2e1babe000-7f2e1bcbd000 ---p 0001a000 08:01 45617705                   /lib/x86_64-linux-gnu/libpthread-2.26.so
7f2e1bcbd000-7f2e1bcbe000 r--p 00019000 08:01 45617705                   /lib/x86_64-linux-gnu/libpthread-2.26.so
7f2e1bcbe000-7f2e1bcbf000 rw-p 0001a000 08:01 45617705                   /lib/x86_64-linux-gnu/libpthread-2.26.so
7f2e1bcbf000-7f2e1bcc3000 rw-p 00000000 00:00 0 
7f2e1bcc3000-7f2e1bcc6000 r-xp 00000000 08:01 45617590                   /lib/x86_64-linux-gnu/libdl-2.26.so
7f2e1bcc6000-7f2e1bec5000 ---p 00003000 08:01 45617590                   /lib/x86_64-linux-gnu/libdl-2.26.so
7f2e1bec5000-7f2e1bec6000 r--p 00002000 08:01 45617590                   /lib/x86_64-linux-gnu/libdl-2.26.so
7f2e1bec6000-7f2e1bec7000 rw-p 00003000 08:01 45617590                   /lib/x86_64-linux-gnu/libdl-2.26.so
7f2e1bec7000-7f2e1c09d000 r-xp 00000000 08:01 45617566                   /lib/x86_64-linux-gnu/libc-2.26.so
7f2e1c09d000-7f2e1c29d000 ---p 001d6000 08:01 45617566                   /lib/x86_64-linux-gnu/libc-2.26.so
7f2e1c29d000-7f2e1c2a1000 r--p 001d6000 08:01 45617566                   /lib/x86_64-linux-gnu/libc-2.26.so
7f2e1c2a1000-7f2e1c2a3000 rw-p 001da000 08:01 45617566                   /lib/x86_64-linux-gnu/libc-2.26.so
7f2e1c2a3000-7f2e1c2a7000 rw-p 00000000 00:00 0 
7f2e1c2a7000-7f2e1c2bd000 r-xp 00000000 08:01 35652514                   /home/fred/desenvolvimento/ide/android-studio/jre/lib/amd64/jli/libjli.so
7f2e1c2bd000-7f2e1c4bc000 ---p 00016000 08:01 35652514                   /home/fred/desenvolvimento/ide/android-studio/jre/lib/amd64/jli/libjli.so
7f2e1c4bc000-7f2e1c4bd000 r--p 00015000 08:01 35652514                   /home/fred/desenvolvimento/ide/android-studio/jre/lib/amd64/jli/libjli.so
7f2e1c4bd000-7f2e1c4be000 rw-p 00016000 08:01 35652514                   /home/fred/desenvolvimento/ide/android-studio/jre/lib/amd64/jli/libjli.so
7f2e1c4be000-7f2e1c4e5000 r-xp 00000000 08:01 45617538                   /lib/x86_64-linux-gnu/ld-2.26.so
7f2e1c4f0000-7f2e1c5c3000 rw-p 00000000 00:00 0 
7f2e1c5c3000-7f2e1c5c6000 ---p 00000000 00:00 0 
7f2e1c5c6000-7f2e1c6c6000 rw-p 00000000 00:00 0 
7f2e1c6ca000-7f2e1c6d8000 r--s 000e0000 08:01 53743197                   /home/fred/Android/Sdk/build-tools/24.0.0/lib/dx.jar
7f2e1c6d8000-7f2e1c6e0000 rw-s 00000000 08:01 52175026                   /tmp/hsperfdata_fred/17803
7f2e1c6e0000-7f2e1c6e1000 rw-p 00000000 00:00 0 
7f2e1c6e1000-7f2e1c6e2000 ---p 00000000 00:00 0 
7f2e1c6e2000-7f2e1c6e5000 rw-p 00000000 00:00 0 
7f2e1c6e5000-7f2e1c6e6000 r--p 00027000 08:01 45617538                   /lib/x86_64-linux-gnu/ld-2.26.so
7f2e1c6e6000-7f2e1c6e7000 rw-p 00028000 08:01 45617538                   /lib/x86_64-linux-gnu/ld-2.26.so
7f2e1c6e7000-7f2e1c6e8000 rw-p 00000000 00:00 0 
7fff2be4f000-7fff2be71000 rw-p 00000000 00:00 0                          [stack]
7fff2be9f000-7fff2bea2000 r--p 00000000 00:00 0                          [vvar]
7fff2bea2000-7fff2bea4000 r-xp 00000000 00:00 0                          [vdso]
ffffffffff600000-ffffffffff601000 r-xp 00000000 00:00 0                  [vsyscall]

VM Arguments:
jvm_args: -Djava.awt.headless=true -Xmx4g -Dfile.encoding=UTF-8 -Duser.country=US -Duser.language=en -Duser.variant 
java_command: com.android.dx.command.Main --dex --num-threads=4 --multi-dex --main-dex-list /home/fred/desenvolvimento/projetos/sindquimica_app/app/build/intermediates/multi-dex/debug/maindexlist.txt --output /home/fred/desenvolvimento/projetos/sindquimica_app/app/build/intermediates/transforms/dex/debug/folders/1000/1f/main /home/fred/desenvolvimento/projetos/sindquimica_app/app/build/intermediates/transforms/jarMerging/debug/jars/1/1f/combined.jar
java_class_path (initial): /home/fred/Android/Sdk/build-tools/24.0.0/lib/dx.jar
Launcher Type: SUN_STANDARD

Environment Variables:
JAVA_HOME=/usr/lib/jvm/java-8-oracle
PATH=/home/fred/.rvm/gems/ruby-2.4.1/bin:/home/fred/.rvm/gems/ruby-2.4.1@global/bin:/home/fred/.rvm/rubies/ruby-2.4.1/bin:/usr/local/sbin:/usr/local/bin:/usr/sbin:/usr/bin:/sbin:/bin:/usr/games:/usr/local/games:/snap/bin:/usr/lib/jvm/java-8-oracle/bin:/usr/lib/jvm/java-8-oracle/db/bin:/usr/lib/jvm/java-8-oracle/jre/bin:/home/fred/.rvm/bin:/home/fred/.rvm/bin
USERNAME=fred
LD_LIBRARY_PATH=.:
SHELL=/bin/bash
DISPLAY=:0

Signal Handlers:
SIGSEGV: [libjvm.so+0x9ebc60], sa_mask[0]=11111111011111111101111111111110, sa_flags=SA_RESTART|SA_SIGINFO
SIGBUS: [libjvm.so+0x9ebc60], sa_mask[0]=11111111011111111101111111111110, sa_flags=SA_RESTART|SA_SIGINFO
SIGFPE: [libjvm.so+0x84cf60], sa_mask[0]=11111111011111111101111111111110, sa_flags=SA_RESTART|SA_SIGINFO
SIGPIPE: [libjvm.so+0x84cf60], sa_mask[0]=11111111011111111101111111111110, sa_flags=SA_RESTART|SA_SIGINFO
SIGXFSZ: [libjvm.so+0x84cf60], sa_mask[0]=11111111011111111101111111111110, sa_flags=SA_RESTART|SA_SIGINFO
SIGILL: [libjvm.so+0x84cf60], sa_mask[0]=11111111011111111101111111111110, sa_flags=SA_RESTART|SA_SIGINFO
SIGUSR1: SIG_DFL, sa_mask[0]=00000000000000000000000000000000, sa_flags=none
SIGUSR2: [libjvm.so+0x84ce30], sa_mask[0]=00100000000000000000000000000000, sa_flags=SA_RESTART|SA_SIGINFO
SIGHUP: [libjvm.so+0x84d020], sa_mask[0]=11111111011111111101111111111110, sa_flags=SA_RESTART|SA_SIGINFO
SIGINT: [libjvm.so+0x84d020], sa_mask[0]=11111111011111111101111111111110, sa_flags=SA_RESTART|SA_SIGINFO
SIGTERM: [libjvm.so+0x84d020], sa_mask[0]=11111111011111111101111111111110, sa_flags=SA_RESTART|SA_SIGINFO
SIGQUIT: [libjvm.so+0x84d020], sa_mask[0]=11111111011111111101111111111110, sa_flags=SA_RESTART|SA_SIGINFO


---------------  S Y S T E M  ---------------

OS:DISTRIB_ID=Ubuntu
DISTRIB_RELEASE=17.10
DISTRIB_CODENAME=artful
DISTRIB_DESCRIPTION="Ubuntu 17.10"

uname:Linux 4.13.0-21-generic #24-Ubuntu SMP Mon Dec 18 17:29:16 UTC 2017 x86_64
libc:glibc 2.26 NPTL 2.26 
rlimit: STACK 8192k, CORE 0k, NPROC 31267, NOFILE 4096, AS infinity
load average:5,06 2,67 1,43

/proc/meminfo:
MemTotal:        8057388 kB
MemFree:          125916 kB
MemAvailable:      18980 kB
Buffers:             904 kB
Cached:           258660 kB
SwapCached:         5800 kB
Active:          6819672 kB
Inactive:         866156 kB
Active(anon):    6814252 kB
Inactive(anon):   851900 kB
Active(file):       5420 kB
Inactive(file):    14256 kB
Unevictable:          64 kB
Mlocked:              64 kB
SwapTotal:       2097148 kB
SwapFree:              0 kB
Dirty:               172 kB
Writeback:          1008 kB
AnonPages:       7420752 kB
Mapped:           117404 kB
Shmem:            239732 kB
Slab:              91212 kB
SReclaimable:      44500 kB
SUnreclaim:        46712 kB
KernelStack:       12912 kB
PageTables:        63496 kB
NFS_Unstable:          0 kB
Bounce:                0 kB
WritebackTmp:          0 kB
CommitLimit:     6125840 kB
Committed_AS:   13565344 kB
VmallocTotal:   34359738367 kB
VmallocUsed:           0 kB
VmallocChunk:          0 kB
HardwareCorrupted:     0 kB
AnonHugePages:         0 kB
ShmemHugePages:        0 kB
ShmemPmdMapped:        0 kB
CmaTotal:              0 kB
CmaFree:               0 kB
HugePages_Total:       0
HugePages_Free:        0
HugePages_Rsvd:        0
HugePages_Surp:        0
Hugepagesize:       2048 kB
DirectMap4k:      158464 kB
DirectMap2M:     7067648 kB
DirectMap1G:     2097152 kB


CPU:total 4 (initial active 4) (2 cores per cpu, 2 threads per core) family 6 model 69 stepping 1, cmov, cx8, fxsr, mmx, sse, sse2, sse3, ssse3, sse4.1, sse4.2, popcnt, avx, avx2, aes, clmul, erms, lzcnt, ht, tsc, tscinvbit, bmi1, bmi2

/proc/cpuinfo:
processor	: 0
vendor_id	: GenuineIntel
cpu family	: 6
model		: 69
model name	: Intel(R) Core(TM) i5-4210U CPU @ 1.70GHz
stepping	: 1
microcode	: 0x1c
cpu MHz		: 2394.609
cache size	: 3072 KB
physical id	: 0
siblings	: 4
core id		: 0
cpu cores	: 2
apicid		: 0
initial apicid	: 0
fpu		: yes
fpu_exception	: yes
cpuid level	: 13
wp		: yes
flags		: fpu vme de pse tsc msr pae mce cx8 apic sep mtrr pge mca cmov pat pse36 clflush dts acpi mmx fxsr sse sse2 ss ht tm pbe syscall nx pdpe1gb rdtscp lm constant_tsc arch_perfmon pebs bts rep_good nopl xtopology nonstop_tsc cpuid aperfmperf pni pclmulqdq dtes64 monitor ds_cpl vmx est tm2 ssse3 sdbg fma cx16 xtpr pdcm pcid sse4_1 sse4_2 movbe popcnt aes xsave avx f16c rdrand lahf_lm abm cpuid_fault epb tpr_shadow vnmi flexpriority ept vpid fsgsbase tsc_adjust bmi1 avx2 smep bmi2 erms invpcid xsaveopt dtherm ida arat pln pts
bugs		:
bogomips	: 4789.21
clflush size	: 64
cache_alignment	: 64
address sizes	: 39 bits physical, 48 bits virtual
power management:

processor	: 1
vendor_id	: GenuineIntel
cpu family	: 6
model		: 69
model name	: Intel(R) Core(TM) i5-4210U CPU @ 1.70GHz
stepping	: 1
microcode	: 0x1c
cpu MHz		: 2394.609
cache size	: 3072 KB
physical id	: 0
siblings	: 4
core id		: 0
cpu cores	: 2
apicid		: 1
initial apicid	: 1
fpu		: yes
fpu_exception	: yes
cpuid level	: 13
wp		: yes
flags		: fpu vme de pse tsc msr pae mce cx8 apic sep mtrr pge mca cmov pat pse36 clflush dts acpi mmx fxsr sse sse2 ss ht tm pbe syscall nx pdpe1gb rdtscp lm constant_tsc arch_perfmon pebs bts rep_good nopl xtopology nonstop_tsc cpuid aperfmperf pni pclmulqdq dtes64 monitor ds_cpl vmx est tm2 ssse3 sdbg fma cx16 xtpr pdcm pcid sse4_1 sse4_2 movbe popcnt aes xsave avx f16c rdrand lahf_lm abm cpuid_fault epb tpr_shadow vnmi flexpriority ept vpid fsgsbase tsc_adjust bmi1 avx2 smep bmi2 erms invpcid xsaveopt dtherm ida arat pln pts
bugs		:
bogomips	: 4789.21
clflush size	: 64
cache_alignment	: 64
address sizes	: 39 bits physical, 48 bits virtual
power management:

processor	: 2
vendor_id	: GenuineIntel
cpu family	: 6
model		: 69
model name	: Intel(R) Core(TM) i5-4210U CPU @ 1.70GHz
stepping	: 1
microcode	: 0x1c
cpu MHz		: 2394.609
cache size	: 3072 KB
physical id	: 0
siblings	: 4
core id		: 1
cpu cores	: 2
apicid		: 2
initial apicid	: 2
fpu		: yes
fpu_exception	: yes
cpuid level	: 13
wp		: yes
flags		: fpu vme de pse tsc msr pae mce cx8 apic sep mtrr pge mca cmov pat pse36 clflush dts acpi mmx fxsr sse sse2 ss ht tm pbe syscall nx pdpe1gb rdtscp lm constant_tsc arch_perfmon pebs bts rep_good nopl xtopology nonstop_tsc cpuid aperfmperf pni pclmulqdq dtes64 monitor ds_cpl vmx est tm2 ssse3 sdbg fma cx16 xtpr pdcm pcid sse4_1 sse4_2 movbe popcnt aes xsave avx f16c rdrand lahf_lm abm cpuid_fault epb tpr_shadow vnmi flexpriority ept vpid fsgsbase tsc_adjust bmi1 avx2 smep bmi2 erms invpcid xsaveopt dtherm ida arat pln pts
bugs		:
bogomips	: 4789.21
clflush size	: 64
cache_alignment	: 64
address sizes	: 39 bits physical, 48 bits virtual
power management:

processor	: 3
vendor_id	: GenuineIntel
cpu family	: 6
model		: 69
model name	: Intel(R) Core(TM) i5-4210U CPU @ 1.70GHz
stepping	: 1
microcode	: 0x1c
cpu MHz		: 2394.609
cache size	: 3072 KB
physical id	: 0
siblings	: 4
core id		: 1
cpu cores	: 2
apicid		: 3
initial apicid	: 3
fpu		: yes
fpu_exception	: yes
cpuid level	: 13
wp		: yes
flags		: fpu vme de pse tsc msr pae mce cx8 apic sep mtrr pge mca cmov pat pse36 clflush dts acpi mmx fxsr sse sse2 ss ht tm pbe syscall nx pdpe1gb rdtscp lm constant_tsc arch_perfmon pebs bts rep_good nopl xtopology nonstop_tsc cpuid aperfmperf pni pclmulqdq dtes64 monitor ds_cpl vmx est tm2 ssse3 sdbg fma cx16 xtpr pdcm pcid sse4_1 sse4_2 movbe popcnt aes xsave avx f16c rdrand lahf_lm abm cpuid_fault epb tpr_shadow vnmi flexpriority ept vpid fsgsbase tsc_adjust bmi1 avx2 smep bmi2 erms invpcid xsaveopt dtherm ida arat pln pts
bugs		:
bogomips	: 4789.21
clflush size	: 64
cache_alignment	: 64
address sizes	: 39 bits physical, 48 bits virtual
power management:



Memory: 4k page, physical 8057388k(125792k free), swap 2097148k(0k free)

vm_info: OpenJDK 64-Bit Server VM (25.152-b01) for linux-amd64 JRE (1.8.0_152-release-915-b01), built by "builder" with gcc 4.8.4

time: Thu Feb  1 22:06:45 2018
elapsed time: 44 seconds (0d 0h 0m 44s)

